<?xml version="1.0" encoding="UTF-8"?>
<testng-results ignored="3" total="5" passed="2" failed="0" skipped="0">
  <reporter-output>
  </reporter-output>
  <suite started-at="2023-10-12T18:11:56 IST" name="test1" finished-at="2023-10-12T18:12:19 IST" duration-ms="23168">
    <groups>
    </groups>
    <test started-at="2023-10-12T18:11:56 IST" name="POMframework" finished-at="2023-10-12T18:12:19 IST" duration-ms="23168">
      <class name="com.redbus.qa.TestPages.TestTicketStatusPage">
        <test-method is-config="true" signature="openApp()[pri:0, instance:com.redbus.qa.TestPages.TestTicketStatusPage@303cf2ba]" started-at="2023-10-12T18:12:11 IST" name="openApp" finished-at="2023-10-12T18:12:16 IST" duration-ms="4978" status="PASS">
          <reporter-output>
          </reporter-output>
        </test-method> <!-- openApp -->
        <test-method signature="testTicketStatus()[pri:0, instance:com.redbus.qa.TestPages.TestTicketStatusPage@303cf2ba]" started-at="2023-10-12T18:12:16 IST" name="testTicketStatus" finished-at="2023-10-12T18:12:19 IST" duration-ms="2652" status="PASS">
          <reporter-output>
          </reporter-output>
        </test-method> <!-- testTicketStatus -->
        <test-method is-config="true" signature="CloseApp()[pri:0, instance:com.redbus.qa.TestPages.TestTicketStatusPage@303cf2ba]" started-at="2023-10-12T18:12:19 IST" name="CloseApp" finished-at="2023-10-12T18:12:19 IST" duration-ms="322" status="PASS">
          <reporter-output>
          </reporter-output>
        </test-method> <!-- CloseApp -->
        <test-method is-config="true" signature="generateTestStatus(java.lang.reflect.Method,org.testng.ITestResult)[pri:0, instance:com.redbus.qa.TestPages.TestTicketStatusPage@303cf2ba]" started-at="2023-10-12T18:12:19 IST" name="generateTestStatus" finished-at="2023-10-12T18:12:19 IST" duration-ms="1" status="PASS">
          <params>
            <param index="0">
              <value>
                <![CDATA[public void com.redbus.qa.TestPages.TestTicketStatusPage.testTicketStatus()]]>
              </value>
            </param>
            <param index="1">
              <value>
                <![CDATA[[TestResult name=testTicketStatus status=SUCCESS method=TestTicketStatusPage.testTicketStatus()[pri:0, instance:com.redbus.qa.TestPages.TestTicketStatusPage@303cf2ba] output={null}]]]>
              </value>
            </param>
          </params>
          <reporter-output>
          </reporter-output>
        </test-method> <!-- generateTestStatus -->
      </class> <!-- com.redbus.qa.TestPages.TestTicketStatusPage -->
      <class name="com.redbus.qa.TestPages.TestHomePage">
        <test-method is-config="true" signature="InitalizeExtentReport()[pri:0, instance:com.redbus.qa.TestPages.TestHomePage@710c2b53]" started-at="2023-10-12T18:11:56 IST" name="InitalizeExtentReport" finished-at="2023-10-12T18:11:56 IST" duration-ms="410" status="PASS">
          <reporter-output>
          </reporter-output>
        </test-method> <!-- InitalizeExtentReport -->
        <test-method is-config="true" signature="getMethodName(org.testng.ITestContext)[pri:0, instance:com.redbus.qa.TestPages.TestHomePage@710c2b53]" started-at="2023-10-12T18:11:56 IST" name="getMethodName" finished-at="2023-10-12T18:11:56 IST" duration-ms="14" status="PASS">
          <params>
            <param index="0">
              <value>
                <![CDATA[org.testng.TestRunner@7fd99443]]>
              </value>
            </param>
          </params>
          <reporter-output>
          </reporter-output>
        </test-method> <!-- getMethodName -->
        <test-method is-config="true" signature="openApp()[pri:0, instance:com.redbus.qa.TestPages.TestHomePage@710c2b53]" started-at="2023-10-12T18:11:57 IST" name="openApp" finished-at="2023-10-12T18:12:09 IST" duration-ms="12565" status="PASS">
          <reporter-output>
          </reporter-output>
        </test-method> <!-- openApp -->
        <test-method signature="testBookTickets(java.lang.String,java.lang.String)[pri:0, instance:com.redbus.qa.TestPages.TestHomePage@710c2b53]" started-at="2023-10-12T18:12:09 IST" name="testBookTickets" data-provider="testdata" finished-at="2023-10-12T18:12:11 IST" duration-ms="1479" status="PASS">
          <params>
            <param index="0">
              <value>
                <![CDATA[Paris]]>
              </value>
            </param>
            <param index="1">
              <value>
                <![CDATA[London]]>
              </value>
            </param>
          </params>
          <reporter-output>
          </reporter-output>
        </test-method> <!-- testBookTickets -->
        <test-method is-config="true" signature="CloseApp()[pri:0, instance:com.redbus.qa.TestPages.TestHomePage@710c2b53]" started-at="2023-10-12T18:12:11 IST" name="CloseApp" finished-at="2023-10-12T18:12:11 IST" duration-ms="391" status="PASS">
          <reporter-output>
          </reporter-output>
        </test-method> <!-- CloseApp -->
        <test-method is-config="true" signature="generateTestStatus(java.lang.reflect.Method,org.testng.ITestResult)[pri:0, instance:com.redbus.qa.TestPages.TestHomePage@710c2b53]" started-at="2023-10-12T18:12:11 IST" name="generateTestStatus" finished-at="2023-10-12T18:12:11 IST" duration-ms="7" status="PASS">
          <params>
            <param index="0">
              <value>
                <![CDATA[public void com.redbus.qa.TestPages.TestHomePage.testBookTickets(java.lang.String,java.lang.String) throws java.lang.InterruptedException]]>
              </value>
            </param>
            <param index="1">
              <value>
                <![CDATA[[TestResult name=testBookTickets status=SUCCESS method=TestHomePage.testBookTickets(java.lang.String,java.lang.String)[pri:0, instance:com.redbus.qa.TestPages.TestHomePage@710c2b53] output={null}]]]>
              </value>
            </param>
          </params>
          <reporter-output>
          </reporter-output>
        </test-method> <!-- generateTestStatus -->
        <test-method is-config="true" signature="generateReports()[pri:0, instance:com.redbus.qa.TestPages.TestHomePage@710c2b53]" started-at="2023-10-12T18:12:19 IST" name="generateReports" finished-at="2023-10-12T18:12:21 IST" duration-ms="1620" status="PASS">
          <reporter-output>
          </reporter-output>
        </test-method> <!-- generateReports -->
      </class> <!-- com.redbus.qa.TestPages.TestHomePage -->
    </test> <!-- POMframework -->
  </suite> <!-- test1 -->
</testng-results>
